2025-02-27T11:17:18.466+05:30  INFO 18804 --- [restartedMain] c.b.e.EmployeePayrollAppApplication      : Starting EmployeePayrollAppApplication using Java 23.0.1 with PID 18804 (F:\CG_BridgeLabz_Training\SpringBoot-EmployeePayrollApp\EmployeePayrollApp\target\classes started by Lenovo in F:\CG_BridgeLabz_Training\SpringBoot-EmployeePayrollApp\EmployeePayrollApp)
2025-02-27T11:17:18.475+05:30 DEBUG 18804 --- [restartedMain] c.b.e.EmployeePayrollAppApplication      : Running with Spring Boot v3.4.3, Spring v6.2.3
2025-02-27T11:17:18.478+05:30  INFO 18804 --- [restartedMain] c.b.e.EmployeePayrollAppApplication      : The following 1 profile is active: "dev"
2025-02-27T11:17:22.183+05:30  WARN 18804 --- [restartedMain] JpaBaseConfiguration$JpaWebConfiguration : spring.jpa.open-in-view is enabled by default. Therefore, database queries may be performed during view rendering. Explicitly configure spring.jpa.open-in-view to disable this warning
2025-02-27T11:17:22.726+05:30  INFO 18804 --- [restartedMain] c.b.e.EmployeePayrollAppApplication      : Started EmployeePayrollAppApplication in 4.814 seconds (process running for 5.481)
2025-02-27T11:17:22.726+05:30  INFO 18804 --- [restartedMain] c.b.e.EmployeePayrollAppApplication      : Employee Payroll App Started in Adarsh Environment
2025-02-27T11:21:56.517+05:30  WARN 18804 --- [http-nio-8080-exec-9] .w.s.m.s.DefaultHandlerExceptionResolver : Resolved [org.springframework.web.bind.MethodArgumentNotValidException: Validation failed for argument [0] in public org.springframework.http.ResponseEntity<com.bridgelabz.employeepayrollapp.dto.ResponseDTO> com.bridgelabz.employeepayrollapp.controllers.EmployeePayrollController.addEmployeePayrollData(com.bridgelabz.employeepayrollapp.dto.EmployeePayrollDTO): [Field error in object 'employeePayrollDTO' on field 'name': rejected value [Arpit Patel]; codes [Pattern.employeePayrollDTO.name,Pattern.name,Pattern]; arguments [org.springframework.context.support.DefaultMessageSourceResolvable: codes [employeePayrollDTO.name,name]; arguments []; default message [name],[Ljakarta.validation.constraints.Pattern$Flag;@347fa973,^[A-Z][a-zA-Z]+\s[A-Z][a-zA-Z]$]; default message [Name should start with capital letters and have at least 3 characters]] ]
2025-02-27T11:22:06.554+05:30  WARN 18804 --- [http-nio-8080-exec-2] .w.s.m.s.DefaultHandlerExceptionResolver : Resolved [org.springframework.web.bind.MethodArgumentNotValidException: Validation failed for argument [0] in public org.springframework.http.ResponseEntity<com.bridgelabz.employeepayrollapp.dto.ResponseDTO> com.bridgelabz.employeepayrollapp.controllers.EmployeePayrollController.addEmployeePayrollData(com.bridgelabz.employeepayrollapp.dto.EmployeePayrollDTO): [Field error in object 'employeePayrollDTO' on field 'name': rejected value [Arpit Patel]; codes [Pattern.employeePayrollDTO.name,Pattern.name,Pattern]; arguments [org.springframework.context.support.DefaultMessageSourceResolvable: codes [employeePayrollDTO.name,name]; arguments []; default message [name],[Ljakarta.validation.constraints.Pattern$Flag;@347fa973,^[A-Z][a-zA-Z]+\s[A-Z][a-zA-Z]$]; default message [Name should start with capital letters and have at least 3 characters]] ]
2025-02-27T11:23:24.581+05:30  WARN 18804 --- [http-nio-8080-exec-3] .w.s.m.s.DefaultHandlerExceptionResolver : Resolved [org.springframework.http.converter.HttpMessageNotReadableException: JSON parse error: Unrecognized token 'Arpit': was expecting (JSON String, Number, Array, Object or token 'null', 'true' or 'false')]
2025-02-27T11:23:42.832+05:30  WARN 18804 --- [http-nio-8080-exec-4] .w.s.m.s.DefaultHandlerExceptionResolver : Resolved [org.springframework.web.bind.MethodArgumentNotValidException: Validation failed for argument [0] in public org.springframework.http.ResponseEntity<com.bridgelabz.employeepayrollapp.dto.ResponseDTO> com.bridgelabz.employeepayrollapp.controllers.EmployeePayrollController.addEmployeePayrollData(com.bridgelabz.employeepayrollapp.dto.EmployeePayrollDTO): [Field error in object 'employeePayrollDTO' on field 'name': rejected value [Arpit Patel]; codes [Pattern.employeePayrollDTO.name,Pattern.name,Pattern]; arguments [org.springframework.context.support.DefaultMessageSourceResolvable: codes [employeePayrollDTO.name,name]; arguments []; default message [name],[Ljakarta.validation.constraints.Pattern$Flag;@347fa973,^[A-Z][a-zA-Z]+\s[A-Z][a-zA-Z]$]; default message [Name should start with capital letters and have at least 3 characters]] ]
2025-02-27T11:26:25.090+05:30  INFO 5252 --- [restartedMain] c.b.e.EmployeePayrollAppApplication      : Starting EmployeePayrollAppApplication using Java 23.0.1 with PID 5252 (F:\CG_BridgeLabz_Training\SpringBoot-EmployeePayrollApp\EmployeePayrollApp\target\classes started by Lenovo in F:\CG_BridgeLabz_Training\SpringBoot-EmployeePayrollApp\EmployeePayrollApp)
2025-02-27T11:26:25.099+05:30 DEBUG 5252 --- [restartedMain] c.b.e.EmployeePayrollAppApplication      : Running with Spring Boot v3.4.3, Spring v6.2.3
2025-02-27T11:26:25.099+05:30  INFO 5252 --- [restartedMain] c.b.e.EmployeePayrollAppApplication      : The following 1 profile is active: "dev"
2025-02-27T11:26:28.717+05:30  WARN 5252 --- [restartedMain] JpaBaseConfiguration$JpaWebConfiguration : spring.jpa.open-in-view is enabled by default. Therefore, database queries may be performed during view rendering. Explicitly configure spring.jpa.open-in-view to disable this warning
2025-02-27T11:26:29.239+05:30  INFO 5252 --- [restartedMain] c.b.e.EmployeePayrollAppApplication      : Started EmployeePayrollAppApplication in 4.723 seconds (process running for 5.294)
2025-02-27T11:26:29.239+05:30  INFO 5252 --- [restartedMain] c.b.e.EmployeePayrollAppApplication      : Employee Payroll App Started in Adarsh Environment
2025-02-27T11:27:06.016+05:30  WARN 5252 --- [http-nio-8080-exec-4] .w.s.m.s.DefaultHandlerExceptionResolver : Resolved [org.springframework.web.HttpRequestMethodNotSupportedException: Request method 'POST' is not supported]
2025-02-27T11:28:14.453+05:30  WARN 5252 --- [http-nio-8080-exec-5] .w.s.m.s.DefaultHandlerExceptionResolver : Resolved [org.springframework.web.bind.MethodArgumentNotValidException: Validation failed for argument [0] in public org.springframework.http.ResponseEntity<com.bridgelabz.employeepayrollapp.dto.ResponseDTO> com.bridgelabz.employeepayrollapp.controllers.EmployeePayrollController.addEmployeePayrollData(com.bridgelabz.employeepayrollapp.dto.EmployeePayrollDTO): [Field error in object 'employeePayrollDTO' on field 'name': rejected value [Arpit Ba]; codes [Pattern.employeePayrollDTO.name,Pattern.name,Pattern]; arguments [org.springframework.context.support.DefaultMessageSourceResolvable: codes [employeePayrollDTO.name,name]; arguments []; default message [name],[Ljakarta.validation.constraints.Pattern$Flag;@17e9e5c5,^[A-Z][a-zA-Z]{2,}+\s[A-Z][a-zA-Z]{2,}$]; default message [Name should start with capital letters and have at least 3 characters]] ]
2025-02-27T12:15:10.164+05:30  INFO 17536 --- [restartedMain] c.b.e.EmployeePayrollAppApplication      : Starting EmployeePayrollAppApplication using Java 23.0.1 with PID 17536 (F:\CG_BridgeLabz_Training\SpringBoot-EmployeePayrollApp\EmployeePayrollApp\target\classes started by Lenovo in F:\CG_BridgeLabz_Training\SpringBoot-EmployeePayrollApp\EmployeePayrollApp)
2025-02-27T12:15:10.165+05:30 DEBUG 17536 --- [restartedMain] c.b.e.EmployeePayrollAppApplication      : Running with Spring Boot v3.4.3, Spring v6.2.3
2025-02-27T12:15:10.165+05:30  INFO 17536 --- [restartedMain] c.b.e.EmployeePayrollAppApplication      : The following 1 profile is active: "dev"
2025-02-27T12:15:13.445+05:30  INFO 2152 --- [restartedMain] c.b.e.EmployeePayrollAppApplication      : Starting EmployeePayrollAppApplication using Java 23.0.1 with PID 2152 (F:\CG_BridgeLabz_Training\SpringBoot-EmployeePayrollApp\EmployeePayrollApp\target\classes started by Lenovo in F:\CG_BridgeLabz_Training\SpringBoot-EmployeePayrollApp\EmployeePayrollApp)
2025-02-27T12:15:13.461+05:30 DEBUG 2152 --- [restartedMain] c.b.e.EmployeePayrollAppApplication      : Running with Spring Boot v3.4.3, Spring v6.2.3
2025-02-27T12:15:13.461+05:30  INFO 2152 --- [restartedMain] c.b.e.EmployeePayrollAppApplication      : The following 1 profile is active: "dev"
2025-02-27T12:15:16.158+05:30  WARN 17536 --- [restartedMain] JpaBaseConfiguration$JpaWebConfiguration : spring.jpa.open-in-view is enabled by default. Therefore, database queries may be performed during view rendering. Explicitly configure spring.jpa.open-in-view to disable this warning
2025-02-27T12:15:17.068+05:30  INFO 17536 --- [restartedMain] c.b.e.EmployeePayrollAppApplication      : Started EmployeePayrollAppApplication in 7.62 seconds (process running for 8.362)
2025-02-27T12:15:17.068+05:30  INFO 17536 --- [restartedMain] c.b.e.EmployeePayrollAppApplication      : Employee Payroll App Started in Adarsh Environment
2025-02-27T12:15:18.010+05:30  WARN 2152 --- [restartedMain] JpaBaseConfiguration$JpaWebConfiguration : spring.jpa.open-in-view is enabled by default. Therefore, database queries may be performed during view rendering. Explicitly configure spring.jpa.open-in-view to disable this warning
2025-02-27T12:15:18.586+05:30  WARN 2152 --- [restartedMain] o.s.b.d.a.OptionalLiveReloadServer       : Unable to start LiveReload server
2025-02-27T12:15:18.617+05:30  WARN 2152 --- [restartedMain] ConfigServletWebServerApplicationContext : Exception encountered during context initialization - cancelling refresh attempt: org.springframework.context.ApplicationContextException: Failed to start bean 'webServerStartStop'
2025-02-27T12:15:18.680+05:30 ERROR 2152 --- [restartedMain] o.s.b.d.LoggingFailureAnalysisReporter   : 

***************************
APPLICATION FAILED TO START
***************************

Description:

Web server failed to start. Port 8080 was already in use.

Action:

Identify and stop the process that's listening on port 8080 or configure this application to listen on another port.

2025-02-27T12:17:09.717+05:30  INFO 11964 --- [restartedMain] c.b.e.EmployeePayrollAppApplication      : Starting EmployeePayrollAppApplication using Java 23.0.1 with PID 11964 (F:\CG_BridgeLabz_Training\SpringBoot-EmployeePayrollApp\EmployeePayrollApp\target\classes started by Lenovo in F:\CG_BridgeLabz_Training\SpringBoot-EmployeePayrollApp\EmployeePayrollApp)
2025-02-27T12:17:09.722+05:30 DEBUG 11964 --- [restartedMain] c.b.e.EmployeePayrollAppApplication      : Running with Spring Boot v3.4.3, Spring v6.2.3
2025-02-27T12:17:09.722+05:30  INFO 11964 --- [restartedMain] c.b.e.EmployeePayrollAppApplication      : The following 1 profile is active: "dev"
2025-02-27T12:17:13.264+05:30  WARN 11964 --- [restartedMain] JpaBaseConfiguration$JpaWebConfiguration : spring.jpa.open-in-view is enabled by default. Therefore, database queries may be performed during view rendering. Explicitly configure spring.jpa.open-in-view to disable this warning
2025-02-27T12:17:13.822+05:30  INFO 11964 --- [restartedMain] c.b.e.EmployeePayrollAppApplication      : Started EmployeePayrollAppApplication in 4.724 seconds (process running for 5.341)
2025-02-27T12:17:13.835+05:30  INFO 11964 --- [restartedMain] c.b.e.EmployeePayrollAppApplication      : Employee Payroll App Started in Adarsh Environment
2025-02-27T12:28:01.478+05:30  INFO 17252 --- [restartedMain] c.b.e.EmployeePayrollAppApplication      : Starting EmployeePayrollAppApplication using Java 23.0.1 with PID 17252 (F:\CG_BridgeLabz_Training\SpringBoot-EmployeePayrollApp\EmployeePayrollApp\target\classes started by Lenovo in F:\CG_BridgeLabz_Training\SpringBoot-EmployeePayrollApp\EmployeePayrollApp)
2025-02-27T12:28:01.478+05:30 DEBUG 17252 --- [restartedMain] c.b.e.EmployeePayrollAppApplication      : Running with Spring Boot v3.4.3, Spring v6.2.3
2025-02-27T12:28:01.482+05:30  INFO 17252 --- [restartedMain] c.b.e.EmployeePayrollAppApplication      : The following 1 profile is active: "dev"
2025-02-27T12:28:05.167+05:30  WARN 17252 --- [restartedMain] JpaBaseConfiguration$JpaWebConfiguration : spring.jpa.open-in-view is enabled by default. Therefore, database queries may be performed during view rendering. Explicitly configure spring.jpa.open-in-view to disable this warning
2025-02-27T12:28:05.685+05:30  INFO 17252 --- [restartedMain] c.b.e.EmployeePayrollAppApplication      : Started EmployeePayrollAppApplication in 4.817 seconds (process running for 5.48)
2025-02-27T12:28:05.701+05:30  INFO 17252 --- [restartedMain] c.b.e.EmployeePayrollAppApplication      : Employee Payroll App Started in Adarsh Environment
2025-02-27T12:28:58.870+05:30  WARN 17252 --- [http-nio-8080-exec-8] .m.m.a.ExceptionHandlerExceptionResolver : Resolved [org.springframework.web.bind.MethodArgumentNotValidException: Validation failed for argument [0] in public org.springframework.http.ResponseEntity<com.bridgelabz.employeepayrollapp.dto.ResponseDTO> com.bridgelabz.employeepayrollapp.controllers.EmployeePayrollController.addEmployeePayrollData(com.bridgelabz.employeepayrollapp.dto.EmployeePayrollDTO): [Field error in object 'employeePayrollDTO' on field 'name': rejected value [Arpit ag]; codes [Pattern.employeePayrollDTO.name,Pattern.name,Pattern]; arguments [org.springframework.context.support.DefaultMessageSourceResolvable: codes [employeePayrollDTO.name,name]; arguments []; default message [name],[Ljakarta.validation.constraints.Pattern$Flag;@59e60630,^[A-Z][a-zA-Z]{2,}+\s[A-Z][a-zA-Z]{2,}$]; default message [The first and last name should start with capital letters separated by space]] ]
2025-02-27T12:29:11.114+05:30  WARN 17252 --- [http-nio-8080-exec-4] .m.m.a.ExceptionHandlerExceptionResolver : Resolved [org.springframework.web.bind.MethodArgumentNotValidException: Validation failed for argument [0] in public org.springframework.http.ResponseEntity<com.bridgelabz.employeepayrollapp.dto.ResponseDTO> com.bridgelabz.employeepayrollapp.controllers.EmployeePayrollController.addEmployeePayrollData(com.bridgelabz.employeepayrollapp.dto.EmployeePayrollDTO): [Field error in object 'employeePayrollDTO' on field 'name': rejected value [Arpit Bg]; codes [Pattern.employeePayrollDTO.name,Pattern.name,Pattern]; arguments [org.springframework.context.support.DefaultMessageSourceResolvable: codes [employeePayrollDTO.name,name]; arguments []; default message [name],[Ljakarta.validation.constraints.Pattern$Flag;@59e60630,^[A-Z][a-zA-Z]{2,}+\s[A-Z][a-zA-Z]{2,}$]; default message [The first and last name should start with capital letters separated by space]] ]
2025-02-27T12:56:22.159+05:30  INFO 12892 --- [restartedMain] c.b.e.EmployeePayrollAppApplication      : Starting EmployeePayrollAppApplication using Java 23.0.1 with PID 12892 (F:\CG_BridgeLabz_Training\SpringBoot-EmployeePayrollApp\EmployeePayrollApp\target\classes started by Lenovo in F:\CG_BridgeLabz_Training\SpringBoot-EmployeePayrollApp\EmployeePayrollApp)
2025-02-27T12:56:22.168+05:30 DEBUG 12892 --- [restartedMain] c.b.e.EmployeePayrollAppApplication      : Running with Spring Boot v3.4.3, Spring v6.2.3
2025-02-27T12:56:22.168+05:30  INFO 12892 --- [restartedMain] c.b.e.EmployeePayrollAppApplication      : The following 1 profile is active: "dev"
2025-02-27T12:56:26.699+05:30  WARN 12892 --- [restartedMain] JpaBaseConfiguration$JpaWebConfiguration : spring.jpa.open-in-view is enabled by default. Therefore, database queries may be performed during view rendering. Explicitly configure spring.jpa.open-in-view to disable this warning
2025-02-27T12:56:27.681+05:30  INFO 12892 --- [restartedMain] c.b.e.EmployeePayrollAppApplication      : Started EmployeePayrollAppApplication in 6.181 seconds (process running for 6.886)
2025-02-27T12:56:27.696+05:30  INFO 12892 --- [restartedMain] c.b.e.EmployeePayrollAppApplication      : Employee Payroll App Started in Adarsh Environment
2025-02-27T13:02:49.401+05:30  WARN 12892 --- [http-nio-8080-exec-2] .m.m.a.ExceptionHandlerExceptionResolver : Resolved [com.bridgelabz.employeepayrollapp.exceptions.EmployeeNotFoundException: Employee with ID 1 not found]
2025-02-27T13:08:43.000+05:30  INFO 17292 --- [restartedMain] c.b.e.EmployeePayrollAppApplication      : Starting EmployeePayrollAppApplication using Java 23.0.1 with PID 17292 (F:\CG_BridgeLabz_Training\SpringBoot-EmployeePayrollApp\EmployeePayrollApp\target\classes started by Lenovo in F:\CG_BridgeLabz_Training\SpringBoot-EmployeePayrollApp\EmployeePayrollApp)
2025-02-27T13:08:43.000+05:30 DEBUG 17292 --- [restartedMain] c.b.e.EmployeePayrollAppApplication      : Running with Spring Boot v3.4.3, Spring v6.2.3
2025-02-27T13:08:43.000+05:30  INFO 17292 --- [restartedMain] c.b.e.EmployeePayrollAppApplication      : The following 1 profile is active: "dev"
2025-02-27T13:08:46.436+05:30  WARN 17292 --- [restartedMain] JpaBaseConfiguration$JpaWebConfiguration : spring.jpa.open-in-view is enabled by default. Therefore, database queries may be performed during view rendering. Explicitly configure spring.jpa.open-in-view to disable this warning
2025-02-27T13:08:47.028+05:30  INFO 17292 --- [restartedMain] c.b.e.EmployeePayrollAppApplication      : Started EmployeePayrollAppApplication in 4.583 seconds (process running for 5.202)
2025-02-27T13:08:47.036+05:30  INFO 17292 --- [restartedMain] c.b.e.EmployeePayrollAppApplication      : Employee Payroll App Started in Adarsh Environment
2025-02-27T13:09:15.232+05:30  WARN 17292 --- [http-nio-8080-exec-1] .m.m.a.ExceptionHandlerExceptionResolver : Resolved [org.springframework.web.bind.MethodArgumentNotValidException: Validation failed for argument [0] in public org.springframework.http.ResponseEntity<com.bridgelabz.employeepayrollapp.dto.ResponseDTO> com.bridgelabz.employeepayrollapp.controllers.EmployeePayrollController.addEmployeePayrollData(com.bridgelabz.employeepayrollapp.dto.EmployeePayrollDTO): [Field error in object 'employeePayrollDTO' on field 'name': rejected value [Arpit asg]; codes [Pattern.employeePayrollDTO.name,Pattern.name,Pattern]; arguments [org.springframework.context.support.DefaultMessageSourceResolvable: codes [employeePayrollDTO.name,name]; arguments []; default message [name],[Ljakarta.validation.constraints.Pattern$Flag;@49bedd78,^[A-Z][a-zA-Z]{2,}+\s[A-Z][a-zA-Z]{2,}$]; default message [The first and last name should start with capital letters separated by space]] ]
